La génération a démarré 27/04/2018 14:14:06.
     1>Projet "C:\Users\Aymen Toukebri\Desktop\final_project1\final_project\final_project.vcxproj" sur le nœud 2 (build cible(s)).
     1>InitializeBuildStatus:
         Création de "Debug\final_project.unsuccessfulbuild", car "AlwaysCreate" a été spécifié.
       ClCompile:
         c:\Program Files (x86)\Microsoft Visual Studio 10.0\VC\bin\CL.exe /c /ZI /nologo /W3 /WX- /Od /Oy- /D WIN32 /D _DEBUG /D _CONSOLE /D _UNICODE /D UNICODE /Gm /EHsc /RTC1 /MDd /GS /fp:precise /Zc:wchar_t /Zc:forScope /Fo"Debug\\" /Fd"Debug\vc100.pdb" /Gd /TP /analyze- /errorReport:prompt main.cpp
         main.cpp
       ManifestResourceCompile:
         Toutes les sorties sont à jour.
       Link:
         c:\Program Files (x86)\Microsoft Visual Studio 10.0\VC\bin\link.exe /ERRORREPORT:PROMPT /OUT:"C:\Users\Aymen Toukebri\Desktop\final_project1\Debug\final_project.exe" /INCREMENTAL /NOLOGO kernel32.lib user32.lib gdi32.lib winspool.lib comdlg32.lib advapi32.lib shell32.lib ole32.lib oleaut32.lib uuid.lib odbc32.lib odbccp32.lib /MANIFEST /ManifestFile:"Debug\final_project.exe.intermediate.manifest" /MANIFESTUAC:"level='asInvoker' uiAccess='false'" /DEBUG /PDB:"C:\Users\Aymen Toukebri\Desktop\final_project1\Debug\final_project.pdb" /SUBSYSTEM:CONSOLE /TLBID:1 /DYNAMICBASE /NXCOMPAT /IMPLIB:"C:\Users\Aymen Toukebri\Desktop\final_project1\Debug\final_project.lib" /MACHINE:X86 Debug\final_project.exe.embed.manifest.res
         Debug\etudiant.obj
         Debug\formateur.obj
         Debug\formateurs.obj
         Debug\formation.obj
         Debug\main.obj
         Debug\materiel.obj
         Debug\materiels.obj
         Debug\menu.obj
         Debug\reservation.obj
         Debug\salle.obj
         Debug\salles.obj
       Manifest:
         C:\Program Files (x86)\Microsoft SDKs\Windows\v7.0A\bin\mt.exe /nologo /verbose /out:"Debug\final_project.exe.embed.manifest" /manifest Debug\final_project.exe.intermediate.manifest
         Toutes les sorties sont à jour.
       LinkEmbedManifest:
         Toutes les sorties sont à jour.
         final_project.vcxproj -> C:\Users\Aymen Toukebri\Desktop\final_project1\Debug\final_project.exe
       FinalizeBuildStatus:
         Suppression du fichier "Debug\final_project.unsuccessfulbuild".
         Mise à jour de l'horodatage "Debug\final_project.lastbuildstate".
     1>Génération du projet "C:\Users\Aymen Toukebri\Desktop\final_project1\final_project\final_project.vcxproj" terminée (build cible(s)).

La génération a réussi.

Temps écoulé 00:00:02.92
